<?xml version="1.0" encoding="UTF-8"?>
<!-- Generated by org.testng.reporters.JUnitReportReporter -->
<testsuite hostname="KCSPL000" name="healthcalculator.HealthCalculator" tests="1" failures="0" timestamp="11 Feb 2016 04:16:52 GMT" time="67.530" errors="0">
  <testcase name="AddCalculator" time="67.530" classname="healthcalculator.HealthCalculator"/>
</testsuite> <!-- healthcalculator.HealthCalculator -->
