<?xml version="1.0" encoding="UTF-8"?>
<!-- Generated by org.testng.reporters.JUnitReportReporter -->
<testsuite hostname="KCSPL000" name="Reports.GlucoseReport" tests="1" failures="0" timestamp="9 Feb 2016 06:38:54 GMT" time="77.503" errors="0">
  <testcase name="AddGlucoseReports" time="77.503" classname="Reports.GlucoseReport"/>
</testsuite> <!-- Reports.GlucoseReport -->
