<?xml version="1.0" encoding="UTF-8"?>
<!-- Generated by org.testng.reporters.JUnitReportReporter -->
<testsuite hostname="KCSPL000" name="Reports.LiverReport" tests="1" failures="0" timestamp="9 Feb 2016 06:38:54 GMT" time="79.608" errors="0">
  <testcase name="AddLiverReports" time="79.608" classname="Reports.LiverReport"/>
</testsuite> <!-- Reports.LiverReport -->
