<?xml version="1.0" encoding="UTF-8"?>
<!-- Generated by org.testng.reporters.JUnitReportReporter -->
<testsuite hostname="KCSPL000" name="Reports.BloodReport" tests="1" failures="0" timestamp="9 Feb 2016 10:30:51 GMT" time="84.013" errors="0">
  <testcase name="AddBloodReports" time="84.013" classname="Reports.BloodReport"/>
</testsuite> <!-- Reports.BloodReport -->
