<?xml version="1.0" encoding="UTF-8"?>
<!-- Generated by org.testng.reporters.JUnitReportReporter -->
<testsuite hostname="KCSPL000" name="Reports.ThyroidReport" tests="1" failures="0" timestamp="9 Feb 2016 06:38:54 GMT" time="59.371" errors="0">
  <testcase name="AddThyroidReports" time="59.371" classname="Reports.ThyroidReport"/>
</testsuite> <!-- Reports.ThyroidReport -->
