<?xml version="1.0" encoding="UTF-8"?>
<!-- Generated by org.testng.reporters.JUnitReportReporter -->
<testsuite hostname="KCSPL000" name="healthcalculator.CalculatorBmi" tests="1" failures="0" timestamp="12 Feb 2016 06:43:01 GMT" time="89.351" errors="0">
  <testcase name="CalculatorBMI" time="89.351" classname="healthcalculator.CalculatorBmi"/>
</testsuite> <!-- healthcalculator.CalculatorBmi -->
