<?xml version="1.0" encoding="UTF-8"?>
<!-- Generated by org.testng.reporters.JUnitReportReporter -->
<testsuite hostname="KCSPL000" name="Login.FunctionalTestCase" tests="3" failures="0" timestamp="6 Feb 2016 09:26:45 GMT" time="38.398" errors="0">
  <testcase name="LoginwithHconnectID" time="18.129" classname="Login.FunctionalTestCase"/>
  <testcase name="LoginwithMobile" time="9.943" classname="Login.FunctionalTestCase"/>
  <testcase name="LoginwithEmail" time="10.326" classname="Login.FunctionalTestCase"/>
</testsuite> <!-- Login.FunctionalTestCase -->
