<?xml version="1.0" encoding="UTF-8"?>
<!-- Generated by org.testng.reporters.JUnitReportReporter -->
<testsuite hostname="KCSPL000" name="Reports.LipidReport" tests="1" failures="0" timestamp="9 Feb 2016 06:38:54 GMT" time="150.027" errors="0">
  <testcase name="AddLipidReports" time="150.027" classname="Reports.LipidReport"/>
</testsuite> <!-- Reports.LipidReport -->
