<?xml version="1.0" encoding="UTF-8"?>
<!-- Generated by org.testng.reporters.JUnitReportReporter -->
<testsuite hostname="KCSPL000" name="Reports.VitaminReport" tests="1" failures="0" timestamp="9 Feb 2016 06:38:54 GMT" time="248.012" errors="0">
  <testcase name="AddVitaminReports" time="248.012" classname="Reports.VitaminReport"/>
</testsuite> <!-- Reports.VitaminReport -->
