<?xml version="1.0" encoding="UTF-8"?>
<!-- Generated by org.testng.reporters.JUnitReportReporter -->
<testsuite hostname="KCSPL000" name="Reports.KidneyReport" tests="1" failures="0" timestamp="9 Feb 2016 06:38:54 GMT" time="183.873" errors="0">
  <testcase name="AddKidneyReports" time="183.873" classname="Reports.KidneyReport"/>
</testsuite> <!-- Reports.KidneyReport -->
