<?xml version="1.0" encoding="UTF-8"?>
<!-- Generated by org.testng.reporters.JUnitReportReporter -->
<testsuite hostname="KCSPL000" name="EMC.EmergencyCardDetails" tests="1" failures="0" timestamp="8 Feb 2016 06:46:16 GMT" time="47.527" errors="0">
  <testcase name="Edit" time="47.527" classname="EMC.EmergencyCardDetails"/>
</testsuite> <!-- EMC.EmergencyCardDetails -->
