<?xml version="1.0" encoding="UTF-8"?>
<!-- Generated by org.testng.reporters.JUnitReportReporter -->
<testsuite hostname="KCSPL000" name="MyProfile.MyProfile" tests="1" failures="0" timestamp="6 Feb 2016 09:23:21 GMT" time="43.943" errors="0">
  <testcase name="AddPersonalInformation" time="43.943" classname="MyProfile.MyProfile"/>
</testsuite> <!-- MyProfile.MyProfile -->
