<?xml version="1.0" encoding="UTF-8"?>
<!-- Generated by org.testng.reporters.JUnitReportReporter -->
<testsuite hostname="KCSPL000" name="reports.BloodReport" tests="1" failures="0" timestamp="11 Feb 2016 11:06:11 GMT" time="270.187" errors="0">
  <testcase name="AddBloodReports" time="270.187" classname="reports.BloodReport"/>
</testsuite> <!-- reports.BloodReport -->
