<?xml version="1.0" encoding="UTF-8"?>
<!-- Generated by org.testng.reporters.JUnitReportReporter -->
<testsuite hostname="KCSPL000" name="TestCase.CopyOfFunctionalTestCase" tests="1" failures="0" timestamp="25 Jan 2016 05:48:25 GMT" time="57.487" errors="0">
  <testcase name="LoginwithMobile" time="57.487" classname="TestCase.CopyOfFunctionalTestCase"/>
</testsuite> <!-- TestCase.CopyOfFunctionalTestCase -->
