<?xml version="1.0" encoding="UTF-8"?>
<!-- Generated by org.testng.reporters.JUnitReportReporter -->
<testsuite hostname="KCSPL000" name="TestCase.FunctionalTestCase" tests="1" failures="0" timestamp="25 Jan 2016 06:33:20 GMT" time="36.336" errors="0">
  <testcase name="LoginwithMobile" time="36.336" classname="TestCase.FunctionalTestCase"/>
</testsuite> <!-- TestCase.FunctionalTestCase -->
