<?xml version="1.0" encoding="UTF-8"?>
<!-- Generated by org.testng.reporters.JUnitReportReporter -->
<testsuite hostname="KCSPL000" name="healthcalculator.DashboardHealthCalculatorLogic" tests="3" failures="0" timestamp="10 Feb 2016 12:27:59 GMT" time="104.601" errors="0">
  <testcase name="BMICalculation" time="51.103" classname="healthcalculator.DashboardHealthCalculatorLogic"/>
  <testcase name="Logic" time="35.448" classname="healthcalculator.DashboardHealthCalculatorLogic"/>
  <testcase name="testUntitled" time="18.050" classname="healthcalculator.DashboardHealthCalculatorLogic"/>
</testsuite> <!-- healthcalculator.DashboardHealthCalculatorLogic -->
