<?xml version="1.0" encoding="UTF-8"?>
<!-- Generated by org.testng.reporters.JUnitReportReporter -->
<testsuite hostname="KCSPL000" name="MyProfile.profile" tests="1" failures="0" timestamp="3 Feb 2016 06:44:12 GMT" time="70.851" errors="0">
  <testcase name="testMyprofile" time="70.851" classname="MyProfile.profile"/>
</testsuite> <!-- MyProfile.profile -->
