<?xml version="1.0" encoding="UTF-8"?>
<!-- Generated by org.testng.reporters.JUnitReportReporter -->
<testsuite hostname="KCSPL000" name="healthcalculator.CalculatorBmr" tests="1" failures="0" timestamp="12 Feb 2016 06:52:34 GMT" time="126.737" errors="0">
  <testcase name="CalculatorBMR" time="126.737" classname="healthcalculator.CalculatorBmr"/>
</testsuite> <!-- healthcalculator.CalculatorBmr -->
