<?xml version="1.0" encoding="UTF-8"?>
<!-- Generated by org.testng.reporters.JUnitReportReporter -->
<testsuite hostname="KCSPL000" name="TestCase.InvalidTestCase" tests="8" failures="0" timestamp="22 Jan 2016 04:23:19 GMT" time="122.739" errors="0">
  <testcase name="BlankPassword" time="12.278" classname="TestCase.InvalidTestCase"/>
  <testcase name="InvalidPwdwithEmailID" time="24.331" classname="TestCase.InvalidTestCase"/>
  <testcase name="InvalidPwdwithMobile" time="15.320" classname="TestCase.InvalidTestCase"/>
  <testcase name="InvalidHconnectID" time="15.141" classname="TestCase.InvalidTestCase"/>
  <testcase name="InvalidEmailID" time="11.908" classname="TestCase.InvalidTestCase"/>
  <testcase name="InvalidMobileNumber" time="17.098" classname="TestCase.InvalidTestCase"/>
  <testcase name="BlankUsername" time="12.753" classname="TestCase.InvalidTestCase"/>
  <testcase name="InvalidPwdwithHconnectID" time="13.910" classname="TestCase.InvalidTestCase"/>
</testsuite> <!-- TestCase.InvalidTestCase -->
