<?xml version="1.0" encoding="UTF-8"?>
<!-- Generated by org.testng.reporters.JUnitReportReporter -->
<testsuite hostname="KCSPL000" name="Reports.Report" tests="1" failures="0" timestamp="9 Feb 2016 04:49:29 GMT" time="224.260" errors="0">
  <testcase name="AddBloodReports" time="224.260" classname="Reports.Report"/>
</testsuite> <!-- Reports.Report -->
