<?xml version="1.0" encoding="UTF-8"?>
<!-- Generated by org.testng.reporters.JUnitReportReporter -->
<testsuite hostname="KCSPL000" name="Reports.BoneReport" tests="1" failures="0" timestamp="9 Feb 2016 06:38:54 GMT" time="130.394" errors="0">
  <testcase name="AddBoneReports" time="130.394" classname="Reports.BoneReport"/>
</testsuite> <!-- Reports.BoneReport -->
