<?xml version="1.0" encoding="UTF-8"?>
<!-- Generated by org.testng.reporters.JUnitReportReporter -->
<testsuite hostname="KCSPL000" name="myprofile.Fullprofile" tests="1" failures="0" timestamp="12 Feb 2016 05:15:40 GMT" time="50.540" errors="0">
  <testcase name="testUntitled" time="50.540" classname="myprofile.Fullprofile"/>
</testsuite> <!-- myprofile.Fullprofile -->
