<?xml version="1.0" encoding="UTF-8"?>
<!-- Generated by org.testng.reporters.JUnitReportReporter -->
<testsuite hostname="KCSPL000" name="login.FunctionalTestCase" tests="1" failures="0" timestamp="11 Feb 2016 10:40:52 GMT" time="16.652" errors="0">
  <testcase name="LoginwithMobile" time="16.652" classname="login.FunctionalTestCase"/>
</testsuite> <!-- login.FunctionalTestCase -->
