<?xml version="1.0" encoding="UTF-8"?>
<!-- Generated by org.testng.reporters.JUnitReportReporter -->
<testsuite hostname="KCSPL000" name="AllForms.MedicalCondition" tests="5" failures="0" timestamp="8 Feb 2016 11:43:02 GMT" time="293.584" errors="0">
  <testcase name="testMedicalcondition" time="49.389" classname="AllForms.MedicalCondition"/>
  <testcase name="testMedication" time="54.950" classname="AllForms.MedicalCondition"/>
  <testcase name="testMydiet" time="59.539" classname="AllForms.MedicalCondition"/>
  <testcase name="testAllergy" time="81.252" classname="AllForms.MedicalCondition"/>
  <testcase name="testExercise" time="48.454" classname="AllForms.MedicalCondition"/>
</testsuite> <!-- AllForms.MedicalCondition -->
