<?xml version="1.0" encoding="UTF-8"?>
<!-- Generated by org.testng.reporters.JUnitReportReporter -->
<testsuite hostname="KCSPL000" name="healthcalculator.DashboardHealthCalculatorLogic" tests="1" failures="0" timestamp="11 Feb 2016 04:46:46 GMT" time="56.079" errors="0">
  <testcase name="CalculatorBMI" time="56.079" classname="healthcalculator.DashboardHealthCalculatorLogic"/>
</testsuite> <!-- healthcalculator.DashboardHealthCalculatorLogic -->
