<?xml version="1.0" encoding="UTF-8"?>
<!-- Generated by org.testng.reporters.JUnitReportReporter -->
<testsuite hostname="KCSPL000" name="Reports.PregnancyReport" tests="1" failures="0" timestamp="9 Feb 2016 06:38:54 GMT" time="110.439" errors="0">
  <testcase name="AddPregnancyDetailsReports" time="110.439" classname="Reports.PregnancyReport"/>
</testsuite> <!-- Reports.PregnancyReport -->
